<?xml version="1.0" encoding="UTF-8"?>
<!-- Generated by org.testng.reporters.JUnitReportReporter -->
<testsuite name="Vtiger.Assertsoft" tests="1" time="0.088" ignored="0" failures="0" timestamp="07 Oct 2022 06:27:29 GMT" skipped="0" hostname="hp" errors="0">
  <testcase name="modifyCustomer" time="0.088" classname="Vtiger.Assertsoft"/>
</testsuite> <!-- Vtiger.Assertsoft -->
