<?xml version="1.0" encoding="UTF-8"?>
<!-- Generated by org.testng.reporters.JUnitReportReporter -->
<testsuite name="Vtiger.DataProviderTest" tests="5" time="0.172" ignored="0" failures="0" timestamp="06 Oct 2022 14:20:08 GMT" skipped="0" hostname="hp" errors="0">
  <testcase name="bookTicket" time="0.000" classname="Vtiger.DataProviderTest"/>
  <testcase name="bookTicket" time="0.000" classname="Vtiger.DataProviderTest"/>
  <testcase name="bookTicket" time="0.172" classname="Vtiger.DataProviderTest"/>
  <testcase name="bookTicket" time="0.000" classname="Vtiger.DataProviderTest"/>
  <testcase name="bookTicket" time="0.000" classname="Vtiger.DataProviderTest"/>
</testsuite> <!-- Vtiger.DataProviderTest -->
