<?xml version="1.0" encoding="UTF-8"?>
<!-- Generated by org.testng.reporters.JUnitReportReporter -->
<testsuite name="comm.crm.Product.DeleteProduct" tests="2" time="0.060" ignored="16" failures="0" timestamp="06 Oct 2022 09:09:28 GMT" skipped="2" hostname="hp" errors="0">
  <testcase name="modifyOrg" time="0.004" classname="comm.crm.Product.DeleteProduct">
    <skipped/>
  </testcase> <!-- modifyOrg -->
  <testcase name="deleteProduct" time="0.056" classname="comm.crm.Product.DeleteProduct">
    <skipped/>
  </testcase> <!-- deleteProduct -->
  <testcase name="AT" classname="com.Generic_utility.BaseClass">
    <skipped/>
  </testcase> <!-- AT -->
  <testcase name="AT" classname="com.Generic_utility.BaseClass">
    <skipped/>
  </testcase> <!-- AT -->
  <testcase name="AT" classname="com.Generic_utility.BaseClass">
    <skipped/>
  </testcase> <!-- AT -->
  <testcase name="AT" classname="com.Generic_utility.BaseClass">
    <skipped/>
  </testcase> <!-- AT -->
  <testcase name="BS" classname="com.Generic_utility.BaseClass">
    <skipped/>
  </testcase> <!-- BS -->
  <testcase name="BS" classname="com.Generic_utility.BaseClass">
    <skipped/>
  </testcase> <!-- BS -->
  <testcase name="BS" classname="com.Generic_utility.BaseClass">
    <skipped/>
  </testcase> <!-- BS -->
  <testcase name="BS" classname="com.Generic_utility.BaseClass">
    <skipped/>
  </testcase> <!-- BS -->
  <testcase name="BT" classname="com.Generic_utility.BaseClass">
    <skipped/>
  </testcase> <!-- BT -->
  <testcase name="BT" classname="com.Generic_utility.BaseClass">
    <skipped/>
  </testcase> <!-- BT -->
  <testcase name="BT" classname="com.Generic_utility.BaseClass">
    <skipped/>
  </testcase> <!-- BT -->
  <testcase name="BT" classname="com.Generic_utility.BaseClass">
    <skipped/>
  </testcase> <!-- BT -->
  <testcase name="AS" classname="com.Generic_utility.BaseClass">
    <skipped/>
  </testcase> <!-- AS -->
  <testcase name="AS" classname="com.Generic_utility.BaseClass">
    <skipped/>
  </testcase> <!-- AS -->
  <testcase name="AS" classname="com.Generic_utility.BaseClass">
    <skipped/>
  </testcase> <!-- AS -->
  <testcase name="AS" classname="com.Generic_utility.BaseClass">
    <skipped/>
  </testcase> <!-- AS -->
</testsuite> <!-- comm.crm.Product.DeleteProduct -->
