<?xml version="1.0" encoding="UTF-8"?>
<!-- Generated by org.testng.reporters.JUnitReportReporter -->
<testsuite name="comm.crm.Campaign.Campaign" tests="1" time="34.950" ignored="0" failures="0" timestamp="07 Oct 2022 08:56:53 GMT" skipped="0" hostname="hp" errors="0">
  <testcase name="createCampaign" time="34.950" classname="comm.crm.Campaign.Campaign"/>
</testsuite> <!-- comm.crm.Campaign.Campaign -->
